TN:
SF:03-errorcount.js
FN:15,handle
FNF:1
FNH:1
FNDA:11,handle
DA:1,1
DA:2,1
DA:3,1
DA:4,1
DA:5,1
DA:6,1
DA:7,1
DA:8,1
DA:9,1
DA:10,1
DA:11,1
DA:12,1
DA:13,1
DA:14,1
DA:15,11
DA:16,11
DA:17,11
DA:18,11
DA:19,11
DA:20,0
DA:21,0
DA:22,11
DA:23,11
DA:24,1
DA:25,1
DA:26,1
DA:27,11
DA:28,0
DA:29,1
DA:30,1
DA:31,1
DA:32,0
DA:33,1
DA:34,1
DA:35,1
DA:36,2
DA:37,1
DA:38,1
DA:39,1
DA:40,1
DA:41,1
LF:41
LH:37
BRDA:15,0,0,11
BRDA:19,1,0,0
BRDA:26,2,0,11
BRDA:27,3,0,0
BRDA:35,4,0,2
BRF:5
BRH:3
end_of_record
